<?xml version="1.0" encoding="UTF-8"?>
<!-- Generated by org.testng.reporters.JUnitXMLReporter -->
<testsuite hostname="DESKTOP-6QB07EQ" ignored="0" name="Default test" tests="2" failures="0" timestamp="26 Dec 2019 07:41:13 GMT" time="23.286" errors="0">
  <testcase name="createUserAPIPOSTTest" time="12.235" classname="com.qa.api.gorest.tests.CreateUserTest"/>
  <testcase name="createUserAPIPOSTTest" time="1.059" classname="com.qa.api.gorest.tests.CreateUserTest"/>
</testsuite> <!-- Default test -->
