<?xml version="1.0" encoding="UTF-8"?>
<!-- Generated by org.testng.reporters.JUnitXMLReporter -->
<testsuite hostname="DESKTOP-6QB07EQ" ignored="1" name="Default test" tests="1" failures="0" timestamp="10 Mar 2020 11:38:06 GMT" time="31.089" errors="0">
  <testcase name="postImageUploadApiTest" time="6.406" classname="com.qa.api.gorest.tests.GetImgurApiTest"/>
  <testcase name="getUsernameBlockStatus" time="0.0" classname="com.qa.api.gorest.tests.GetImgurApiTest">
    <ignored/>
  </testcase> <!-- getUsernameBlockStatus -->
</testsuite> <!-- Default test -->
