<?xml version="1.0" encoding="UTF-8"?>
<testng-results skipped="0" failed="0" ignored="1" total="2" passed="1">
  <reporter-output>
  </reporter-output>
  <suite name="Default suite" duration-ms="31089" started-at="2020-03-10T11:37:35Z" finished-at="2020-03-10T11:38:06Z">
    <groups>
    </groups>
    <test name="Default test" duration-ms="31089" started-at="2020-03-10T11:37:35Z" finished-at="2020-03-10T11:38:06Z">
      <class name="com.qa.api.gorest.tests.GetImgurApiTest">
        <test-method status="PASS" signature="setUp()[pri:0, instance:com.qa.api.gorest.tests.GetImgurApiTest@5f341870]" name="setUp" is-config="true" duration-ms="24483" started-at="2020-03-10T11:37:35Z" finished-at="2020-03-10T11:37:59Z">
          <reporter-output>
          </reporter-output>
        </test-method> <!-- setUp -->
        <test-method status="PASS" signature="postImageUploadApiTest()[pri:0, instance:com.qa.api.gorest.tests.GetImgurApiTest@5f341870]" name="postImageUploadApiTest" duration-ms="6406" started-at="2020-03-10T11:37:59Z" finished-at="2020-03-10T11:38:06Z">
          <reporter-output>
          </reporter-output>
        </test-method> <!-- postImageUploadApiTest -->
      </class> <!-- com.qa.api.gorest.tests.GetImgurApiTest -->
    </test> <!-- Default test -->
  </suite> <!-- Default suite -->
</testng-results>
